SF:lib/async_command.dart
DA:7,5
DA:23,5
DA:27,5
DA:28,5
DA:30,2
DA:31,2
DA:32,10
DA:33,1
DA:34,1
DA:37,1
DA:40,2
DA:42,10
DA:45,4
DA:47,4
DA:48,0
DA:51,1
DA:52,1
DA:53,5
DA:54,1
DA:55,1
DA:58,1
DA:61,1
DA:63,8
LF:23
LH:22
end_of_record
SF:lib/undoable_command.dart
DA:6,9
DA:8,9
DA:10,3
DA:11,9
DA:13,1
DA:14,2
DA:22,1
DA:24,1
DA:25,2
DA:52,3
DA:71,7
DA:72,3
DA:73,12
DA:80,2
DA:82,3
DA:83,6
DA:86,3
DA:87,6
DA:90,1
DA:91,1
DA:92,1
DA:93,3
DA:94,1
DA:95,2
DA:97,1
DA:100,1
DA:101,1
DA:104,1
DA:107,1
DA:109,9
DA:111,3
DA:114,9
DA:117,1
DA:121,3
DA:122,1
DA:124,3
DA:127,1
DA:128,2
DA:130,3
DA:131,6
DA:133,3
DA:134,5
LF:42
LH:42
end_of_record
SF:lib/mock_command.dart
DA:16,3
DA:28,3
DA:29,9
DA:30,6
DA:35,1
DA:38,1
DA:45,2
DA:47,5
DA:48,2
DA:51,4
DA:55,4
DA:56,4
DA:57,2
DA:59,2
DA:60,2
DA:61,3
DA:62,2
DA:63,1
DA:64,1
DA:66,1
DA:67,1
DA:68,1
DA:72,4
DA:73,2
DA:74,1
DA:77,2
DA:79,4
DA:84,1
DA:90,1
DA:98,1
DA:99,1
DA:100,3
DA:102,1
DA:106,2
DA:113,1
DA:114,1
DA:115,3
DA:116,1
DA:121,1
DA:122,4
DA:124,2
DA:131,2
DA:132,2
DA:133,2
DA:134,2
DA:135,2
DA:137,4
DA:138,2
DA:139,4
DA:147,1
DA:148,3
DA:149,1
DA:150,1
DA:154,1
DA:155,4
DA:157,2
DA:160,0
DA:163,0
LF:58
LH:56
end_of_record
SF:lib/command_it.dart
DA:39,6
DA:49,6
DA:50,6
DA:52,1
DA:57,1
DA:66,1
DA:67,1
DA:69,2
DA:73,3
DA:74,6
DA:76,17
DA:80,1
DA:85,1
DA:87,6
DA:89,6
DA:90,18
DA:91,18
DA:92,18
DA:93,18
DA:95,1
DA:96,1
DA:97,2
DA:98,2
DA:99,2
DA:100,2
DA:103,1
DA:105,5
DA:116,3
DA:129,5
DA:138,1
DA:140,1
DA:141,3
DA:142,3
DA:144,1
DA:145,5
DA:147,1
DA:149,1
DA:150,3
DA:151,3
DA:153,4
DA:154,1
DA:199,6
DA:211,6
DA:219,5
DA:222,6
DA:228,12
DA:229,6
DA:233,6
DA:234,28
DA:235,11
DA:236,5
DA:237,5
DA:238,5
DA:240,5
DA:241,5
DA:243,10
DA:244,10
DA:246,1
DA:247,2
DA:248,1
DA:266,12
DA:267,18
DA:268,6
DA:269,3
DA:270,3
DA:275,18
DA:276,12
DA:291,6
DA:294,6
DA:298,12
DA:301,15
DA:302,4
DA:305,12
DA:309,12
DA:312,12
DA:315,12
DA:317,6
DA:318,15
DA:320,7
DA:326,5
DA:331,6
DA:337,6
DA:338,6
DA:344,4
DA:348,12
DA:350,4
DA:358,8
DA:359,4
DA:360,3
DA:362,4
DA:364,6
DA:365,4
DA:367,5
DA:369,5
DA:371,3
DA:372,3
DA:376,5
DA:378,6
DA:379,12
DA:383,6
DA:384,6
DA:385,8
DA:392,1
DA:397,1
DA:399,5
DA:405,10
DA:408,5
DA:409,2
DA:414,1
DA:418,1
DA:419,1
DA:436,4
DA:443,4
DA:444,4
DA:453,6
DA:457,1
DA:462,1
DA:473,4
DA:477,1
DA:482,1
DA:490,4
DA:494,1
DA:499,1
DA:505,1
DA:506,1
DA:511,8
DA:515,2
DA:521,1
DA:522,2
DA:523,1
DA:526,2
DA:538,10
DA:607,4
DA:610,8
DA:613,4
DA:618,12
DA:619,8
DA:621,8
DA:622,8
DA:624,8
DA:625,8
DA:626,8
DA:627,5
DA:628,2
DA:629,1
DA:632,4
DA:656,2
DA:665,2
DA:667,4
DA:670,4
DA:671,2
DA:673,4
DA:675,2
DA:676,4
DA:681,1
DA:686,1
DA:691,2
DA:702,6
DA:703,1
DA:704,3
DA:705,3
DA:709,4
DA:710,1
DA:711,1
DA:712,3
DA:716,10
DA:719,5
DA:720,25
DA:722,5
DA:729,5
DA:730,2
DA:732,8
DA:736,5
DA:737,2
DA:742,5
DA:744,3
DA:745,0
DA:750,5
DA:751,3
DA:752,5
DA:754,2
DA:755,0
DA:759,5
DA:761,4
DA:762,0
DA:765,5
DA:767,2
DA:768,0
DA:771,2
DA:772,0
DA:776,5
DA:777,5
DA:779,3
DA:780,2
DA:785,1
DA:786,1
DA:787,1
DA:789,1
DA:793,1
DA:794,1
DA:795,1
DA:798,0
DA:799,0
DA:800,0
DA:804,15
DA:806,5
DA:814,3
DA:815,3
DA:825,5
DA:826,5
DA:829,5
DA:830,5
DA:832,5
DA:833,5
DA:834,5
DA:835,10
DA:836,10
DA:837,5
DA:838,5
DA:839,5
DA:868,5
DA:869,5
DA:870,5
DA:871,5
DA:872,5
DA:873,5
DA:874,5
DA:875,5
DA:876,5
DA:877,2
DA:878,6
DA:882,5
DA:884,15
DA:885,15
DA:887,0
DA:889,15
DA:891,5
DA:922,3
DA:931,3
DA:936,2
DA:973,1
DA:982,1
DA:983,2
DA:1024,1
DA:1035,1
DA:1040,0
DA:1080,2
DA:1091,2
DA:1130,4
DA:1139,4
DA:1144,0
DA:1178,2
DA:1187,2
DA:1226,3
DA:1237,3
DA:1242,0
DA:1278,2
DA:1289,2
DA:1329,3
DA:1340,3
DA:1346,0
DA:1384,1
DA:1395,1
DA:1438,1
DA:1451,1
DA:1458,0
DA:1496,1
DA:1509,1
LF:268
LH:254
end_of_record
SF:lib/sync_command.dart
DA:7,1
DA:9,1
DA:10,0
DA:13,4
DA:29,3
DA:31,3
DA:32,3
DA:33,6
DA:35,1
DA:37,2
DA:38,2
DA:40,2
LF:12
LH:11
end_of_record
SF:lib/command_builder.dart
DA:43,2
DA:59,2
DA:61,4
DA:62,2
DA:63,4
DA:64,2
DA:65,2
DA:66,2
DA:67,6
DA:69,2
DA:70,3
DA:72,2
DA:73,0
DA:75,4
DA:76,5
DA:77,2
DA:79,1
DA:80,1
DA:84,4
DA:85,0
DA:88,2
DA:98,2
DA:112,2
DA:115,2
DA:116,4
DA:118,2
DA:119,6
DA:123,2
DA:125,2
DA:126,6
DA:128,0
LF:31
LH:28
end_of_record
SF:lib/error_filters.dart
DA:60,1
DA:61,3
DA:62,3
DA:66,2
DA:67,4
DA:74,2
DA:75,3
DA:82,0
DA:83,1
DA:90,1
DA:92,1
DA:94,1
DA:95,1
DA:113,0
DA:115,1
DA:117,4
DA:118,2
DA:120,3
DA:129,1
DA:133,1
DA:157,2
DA:159,2
DA:161,4
DA:162,2
LF:24
LH:22
end_of_record
